ERROR - 2024-03-05 05:43:42 --> Column 'role' cannot be null
CRITICAL - 2024-03-05 05:43:42 --> Column 'role' cannot be null
in SYSTEMPATH\Database\MySQLi\Connection.php on line 292.
 1 SYSTEMPATH\Database\MySQLi\Connection.php(292): mysqli->query('INSERT INTO `user` (`username`, `password`, `role`) VALUES (\'admin\', \'123\', NULL)', 0)
 2 SYSTEMPATH\Database\BaseConnection.php(695): CodeIgniter\Database\MySQLi\Connection->execute('INSERT INTO `user` (`username`, `password`, `role`) VALUES (\'admin\', \'123\', NULL)')
 3 SYSTEMPATH\Database\BaseConnection.php(609): CodeIgniter\Database\BaseConnection->simpleQuery('INSERT INTO `user` (`username`, `password`, `role`) VALUES (\'admin\', \'123\', NULL)')
 4 SYSTEMPATH\Database\BaseBuilder.php(1904): CodeIgniter\Database\BaseConnection->query('INSERT INTO `user` (`username`, `password`, `role`) VALUES (:username:, :password:, :role:)', [...], false)
 5 SYSTEMPATH\Model.php(278): CodeIgniter\Database\BaseBuilder->insert()
 6 SYSTEMPATH\BaseModel.php(738): CodeIgniter\Model->doInsert([...])
 7 SYSTEMPATH\Model.php(666): CodeIgniter\BaseModel->insert([...], false)
 8 SYSTEMPATH\BaseModel.php(658): CodeIgniter\Model->insert([...], false)
 9 APPPATH\Controllers\User.php(41): CodeIgniter\BaseModel->save([...])
10 SYSTEMPATH\CodeIgniter.php(896): App\Controllers\User->create()
11 SYSTEMPATH\CodeIgniter.php(466): CodeIgniter\CodeIgniter->runController(Object(App\Controllers\User))
12 SYSTEMPATH\CodeIgniter.php(349): CodeIgniter\CodeIgniter->handleRequest(null, Object(Config\Cache), false)
13 FCPATH\index.php(55): CodeIgniter\CodeIgniter->run()
14 SYSTEMPATH\Commands\Server\rewrite.php(43): require_once('FCPATH\\index.php')
ERROR - 2024-03-05 05:46:30 --> Column 'role' cannot be null
CRITICAL - 2024-03-05 05:46:30 --> Column 'role' cannot be null
in SYSTEMPATH\Database\MySQLi\Connection.php on line 292.
 1 SYSTEMPATH\Database\MySQLi\Connection.php(292): mysqli->query('INSERT INTO `user` (`username`, `password`, `role`) VALUES (\'admin\', \'123\', NULL)', 0)
 2 SYSTEMPATH\Database\BaseConnection.php(695): CodeIgniter\Database\MySQLi\Connection->execute('INSERT INTO `user` (`username`, `password`, `role`) VALUES (\'admin\', \'123\', NULL)')
 3 SYSTEMPATH\Database\BaseConnection.php(609): CodeIgniter\Database\BaseConnection->simpleQuery('INSERT INTO `user` (`username`, `password`, `role`) VALUES (\'admin\', \'123\', NULL)')
 4 SYSTEMPATH\Database\BaseBuilder.php(1904): CodeIgniter\Database\BaseConnection->query('INSERT INTO `user` (`username`, `password`, `role`) VALUES (:username:, :password:, :role:)', [...], false)
 5 SYSTEMPATH\Model.php(278): CodeIgniter\Database\BaseBuilder->insert()
 6 SYSTEMPATH\BaseModel.php(738): CodeIgniter\Model->doInsert([...])
 7 SYSTEMPATH\Model.php(666): CodeIgniter\BaseModel->insert([...], false)
 8 SYSTEMPATH\BaseModel.php(658): CodeIgniter\Model->insert([...], false)
 9 APPPATH\Controllers\User.php(41): CodeIgniter\BaseModel->save([...])
10 SYSTEMPATH\CodeIgniter.php(896): App\Controllers\User->create()
11 SYSTEMPATH\CodeIgniter.php(466): CodeIgniter\CodeIgniter->runController(Object(App\Controllers\User))
12 SYSTEMPATH\CodeIgniter.php(349): CodeIgniter\CodeIgniter->handleRequest(null, Object(Config\Cache), false)
13 FCPATH\index.php(55): CodeIgniter\CodeIgniter->run()
14 SYSTEMPATH\Commands\Server\rewrite.php(43): require_once('FCPATH\\index.php')
ERROR - 2024-03-05 07:04:00 --> Column 'role' cannot be null
CRITICAL - 2024-03-05 07:04:00 --> Column 'role' cannot be null
in SYSTEMPATH\Database\MySQLi\Connection.php on line 292.
 1 SYSTEMPATH\Database\MySQLi\Connection.php(292): mysqli->query('INSERT INTO `user` (`username`, `password`, `role`) VALUES (\'admin\', \'123\', NULL)', 0)
 2 SYSTEMPATH\Database\BaseConnection.php(695): CodeIgniter\Database\MySQLi\Connection->execute('INSERT INTO `user` (`username`, `password`, `role`) VALUES (\'admin\', \'123\', NULL)')
 3 SYSTEMPATH\Database\BaseConnection.php(609): CodeIgniter\Database\BaseConnection->simpleQuery('INSERT INTO `user` (`username`, `password`, `role`) VALUES (\'admin\', \'123\', NULL)')
 4 SYSTEMPATH\Database\BaseBuilder.php(1904): CodeIgniter\Database\BaseConnection->query('INSERT INTO `user` (`username`, `password`, `role`) VALUES (:username:, :password:, :role:)', [...], false)
 5 SYSTEMPATH\Model.php(278): CodeIgniter\Database\BaseBuilder->insert()
 6 SYSTEMPATH\BaseModel.php(738): CodeIgniter\Model->doInsert([...])
 7 SYSTEMPATH\Model.php(666): CodeIgniter\BaseModel->insert([...], false)
 8 SYSTEMPATH\BaseModel.php(658): CodeIgniter\Model->insert([...], false)
 9 APPPATH\Controllers\User.php(41): CodeIgniter\BaseModel->save([...])
10 SYSTEMPATH\CodeIgniter.php(896): App\Controllers\User->create()
11 SYSTEMPATH\CodeIgniter.php(466): CodeIgniter\CodeIgniter->runController(Object(App\Controllers\User))
12 SYSTEMPATH\CodeIgniter.php(349): CodeIgniter\CodeIgniter->handleRequest(null, Object(Config\Cache), false)
13 FCPATH\index.php(55): CodeIgniter\CodeIgniter->run()
14 SYSTEMPATH\Commands\Server\rewrite.php(43): require_once('FCPATH\\index.php')
