CRITICAL - 2024-03-02 19:01:22 --> Undefined variable $user
in APPPATH\Views\user\index.php on line 32.
 1 APPPATH\Views\user\index.php(32): CodeIgniter\Debug\Exceptions->errorHandler(2, 'Undefined variable $user', 'APPPATH\\Views\\user\\index.php', 32)
 2 SYSTEMPATH\View\View.php(213): include('APPPATH\\Views\\user\\index.php')
 3 SYSTEMPATH\View\View.php(216): CodeIgniter\View\View->CodeIgniter\View\{closure}()
 4 SYSTEMPATH\Common.php(1135): CodeIgniter\View\View->render('user/index', [], true)
 5 APPPATH\Controllers\User.php(9): view('user/index')
 6 SYSTEMPATH\CodeIgniter.php(896): App\Controllers\User->index()
 7 SYSTEMPATH\CodeIgniter.php(466): CodeIgniter\CodeIgniter->runController(Object(App\Controllers\User))
 8 SYSTEMPATH\CodeIgniter.php(349): CodeIgniter\CodeIgniter->handleRequest(null, Object(Config\Cache), false)
 9 FCPATH\index.php(55): CodeIgniter\CodeIgniter->run()
10 SYSTEMPATH\Commands\Server\rewrite.php(43): require_once('FCPATH\\index.php')
CRITICAL - 2024-03-02 19:02:32 --> Undefined variable $user
in APPPATH\Views\user\index.php on line 31.
 1 APPPATH\Views\user\index.php(31): CodeIgniter\Debug\Exceptions->errorHandler(2, 'Undefined variable $user', 'APPPATH\\Views\\user\\index.php', 31)
 2 SYSTEMPATH\View\View.php(213): include('APPPATH\\Views\\user\\index.php')
 3 SYSTEMPATH\View\View.php(216): CodeIgniter\View\View->CodeIgniter\View\{closure}()
 4 SYSTEMPATH\Common.php(1135): CodeIgniter\View\View->render('user/index', [], true)
 5 APPPATH\Controllers\User.php(9): view('user/index')
 6 SYSTEMPATH\CodeIgniter.php(896): App\Controllers\User->index()
 7 SYSTEMPATH\CodeIgniter.php(466): CodeIgniter\CodeIgniter->runController(Object(App\Controllers\User))
 8 SYSTEMPATH\CodeIgniter.php(349): CodeIgniter\CodeIgniter->handleRequest(null, Object(Config\Cache), false)
 9 FCPATH\index.php(55): CodeIgniter\CodeIgniter->run()
10 SYSTEMPATH\Commands\Server\rewrite.php(43): require_once('FCPATH\\index.php')
CRITICAL - 2024-03-02 19:03:02 --> Undefined variable $user
in APPPATH\Views\user\index.php on line 31.
 1 APPPATH\Views\user\index.php(31): CodeIgniter\Debug\Exceptions->errorHandler(2, 'Undefined variable $user', 'APPPATH\\Views\\user\\index.php', 31)
 2 SYSTEMPATH\View\View.php(213): include('APPPATH\\Views\\user\\index.php')
 3 SYSTEMPATH\View\View.php(216): CodeIgniter\View\View->CodeIgniter\View\{closure}()
 4 SYSTEMPATH\Common.php(1135): CodeIgniter\View\View->render('user/index', [], true)
 5 APPPATH\Controllers\User.php(9): view('user/index')
 6 SYSTEMPATH\CodeIgniter.php(896): App\Controllers\User->index()
 7 SYSTEMPATH\CodeIgniter.php(466): CodeIgniter\CodeIgniter->runController(Object(App\Controllers\User))
 8 SYSTEMPATH\CodeIgniter.php(349): CodeIgniter\CodeIgniter->handleRequest(null, Object(Config\Cache), false)
 9 FCPATH\index.php(55): CodeIgniter\CodeIgniter->run()
10 SYSTEMPATH\Commands\Server\rewrite.php(43): require_once('FCPATH\\index.php')
CRITICAL - 2024-03-02 19:03:42 --> Undefined variable $user
in APPPATH\Views\user\index.php on line 31.
 1 APPPATH\Views\user\index.php(31): CodeIgniter\Debug\Exceptions->errorHandler(2, 'Undefined variable $user', 'APPPATH\\Views\\user\\index.php', 31)
 2 SYSTEMPATH\View\View.php(213): include('APPPATH\\Views\\user\\index.php')
 3 SYSTEMPATH\View\View.php(216): CodeIgniter\View\View->CodeIgniter\View\{closure}()
 4 SYSTEMPATH\Common.php(1135): CodeIgniter\View\View->render('user/index', [], true)
 5 APPPATH\Controllers\User.php(9): view('user/index')
 6 SYSTEMPATH\CodeIgniter.php(896): App\Controllers\User->index()
 7 SYSTEMPATH\CodeIgniter.php(466): CodeIgniter\CodeIgniter->runController(Object(App\Controllers\User))
 8 SYSTEMPATH\CodeIgniter.php(349): CodeIgniter\CodeIgniter->handleRequest(null, Object(Config\Cache), false)
 9 FCPATH\index.php(55): CodeIgniter\CodeIgniter->run()
10 SYSTEMPATH\Commands\Server\rewrite.php(43): require_once('FCPATH\\index.php')
CRITICAL - 2024-03-02 19:10:21 --> Call to undefined method App\Models\UserModel::getAll
in SYSTEMPATH\Model.php on line 773.
 1 APPPATH\Controllers\User.php(16): CodeIgniter\Model->__call('getAll', [])
 2 SYSTEMPATH\CodeIgniter.php(896): App\Controllers\User->index()
 3 SYSTEMPATH\CodeIgniter.php(466): CodeIgniter\CodeIgniter->runController(Object(App\Controllers\User))
 4 SYSTEMPATH\CodeIgniter.php(349): CodeIgniter\CodeIgniter->handleRequest(null, Object(Config\Cache), false)
 5 FCPATH\index.php(55): CodeIgniter\CodeIgniter->run()
 6 SYSTEMPATH\Commands\Server\rewrite.php(43): require_once('FCPATH\\index.php')
CRITICAL - 2024-03-02 19:10:52 --> Call to undefined method App\Models\UserModel::getAll
in SYSTEMPATH\Model.php on line 773.
 1 APPPATH\Controllers\User.php(16): CodeIgniter\Model->__call('getAll', [])
 2 SYSTEMPATH\CodeIgniter.php(896): App\Controllers\User->index()
 3 SYSTEMPATH\CodeIgniter.php(466): CodeIgniter\CodeIgniter->runController(Object(App\Controllers\User))
 4 SYSTEMPATH\CodeIgniter.php(349): CodeIgniter\CodeIgniter->handleRequest(null, Object(Config\Cache), false)
 5 FCPATH\index.php(55): CodeIgniter\CodeIgniter->run()
 6 SYSTEMPATH\Commands\Server\rewrite.php(43): require_once('FCPATH\\index.php')
CRITICAL - 2024-03-02 19:10:53 --> Call to undefined method App\Models\UserModel::getAll
in SYSTEMPATH\Model.php on line 773.
 1 APPPATH\Controllers\User.php(16): CodeIgniter\Model->__call('getAll', [])
 2 SYSTEMPATH\CodeIgniter.php(896): App\Controllers\User->index()
 3 SYSTEMPATH\CodeIgniter.php(466): CodeIgniter\CodeIgniter->runController(Object(App\Controllers\User))
 4 SYSTEMPATH\CodeIgniter.php(349): CodeIgniter\CodeIgniter->handleRequest(null, Object(Config\Cache), false)
 5 FCPATH\index.php(55): CodeIgniter\CodeIgniter->run()
 6 SYSTEMPATH\Commands\Server\rewrite.php(43): require_once('FCPATH\\index.php')
CRITICAL - 2024-03-02 19:10:53 --> Call to undefined method App\Models\UserModel::getAll
in SYSTEMPATH\Model.php on line 773.
 1 APPPATH\Controllers\User.php(16): CodeIgniter\Model->__call('getAll', [])
 2 SYSTEMPATH\CodeIgniter.php(896): App\Controllers\User->index()
 3 SYSTEMPATH\CodeIgniter.php(466): CodeIgniter\CodeIgniter->runController(Object(App\Controllers\User))
 4 SYSTEMPATH\CodeIgniter.php(349): CodeIgniter\CodeIgniter->handleRequest(null, Object(Config\Cache), false)
 5 FCPATH\index.php(55): CodeIgniter\CodeIgniter->run()
 6 SYSTEMPATH\Commands\Server\rewrite.php(43): require_once('FCPATH\\index.php')
CRITICAL - 2024-03-02 19:10:53 --> Call to undefined method App\Models\UserModel::getAll
in SYSTEMPATH\Model.php on line 773.
 1 APPPATH\Controllers\User.php(16): CodeIgniter\Model->__call('getAll', [])
 2 SYSTEMPATH\CodeIgniter.php(896): App\Controllers\User->index()
 3 SYSTEMPATH\CodeIgniter.php(466): CodeIgniter\CodeIgniter->runController(Object(App\Controllers\User))
 4 SYSTEMPATH\CodeIgniter.php(349): CodeIgniter\CodeIgniter->handleRequest(null, Object(Config\Cache), false)
 5 FCPATH\index.php(55): CodeIgniter\CodeIgniter->run()
 6 SYSTEMPATH\Commands\Server\rewrite.php(43): require_once('FCPATH\\index.php')
CRITICAL - 2024-03-02 19:11:30 --> Call to undefined method App\Models\UserModel::getAll
in SYSTEMPATH\Model.php on line 773.
 1 APPPATH\Controllers\User.php(16): CodeIgniter\Model->__call('getAll', [])
 2 SYSTEMPATH\CodeIgniter.php(896): App\Controllers\User->index()
 3 SYSTEMPATH\CodeIgniter.php(466): CodeIgniter\CodeIgniter->runController(Object(App\Controllers\User))
 4 SYSTEMPATH\CodeIgniter.php(349): CodeIgniter\CodeIgniter->handleRequest(null, Object(Config\Cache), false)
 5 FCPATH\index.php(55): CodeIgniter\CodeIgniter->run()
 6 SYSTEMPATH\Commands\Server\rewrite.php(43): require_once('FCPATH\\index.php')
CRITICAL - 2024-03-02 19:11:31 --> Call to undefined method App\Models\UserModel::getAll
in SYSTEMPATH\Model.php on line 773.
 1 APPPATH\Controllers\User.php(16): CodeIgniter\Model->__call('getAll', [])
 2 SYSTEMPATH\CodeIgniter.php(896): App\Controllers\User->index()
 3 SYSTEMPATH\CodeIgniter.php(466): CodeIgniter\CodeIgniter->runController(Object(App\Controllers\User))
 4 SYSTEMPATH\CodeIgniter.php(349): CodeIgniter\CodeIgniter->handleRequest(null, Object(Config\Cache), false)
 5 FCPATH\index.php(55): CodeIgniter\CodeIgniter->run()
 6 SYSTEMPATH\Commands\Server\rewrite.php(43): require_once('FCPATH\\index.php')
CRITICAL - 2024-03-02 19:11:31 --> Call to undefined method App\Models\UserModel::getAll
in SYSTEMPATH\Model.php on line 773.
 1 APPPATH\Controllers\User.php(16): CodeIgniter\Model->__call('getAll', [])
 2 SYSTEMPATH\CodeIgniter.php(896): App\Controllers\User->index()
 3 SYSTEMPATH\CodeIgniter.php(466): CodeIgniter\CodeIgniter->runController(Object(App\Controllers\User))
 4 SYSTEMPATH\CodeIgniter.php(349): CodeIgniter\CodeIgniter->handleRequest(null, Object(Config\Cache), false)
 5 FCPATH\index.php(55): CodeIgniter\CodeIgniter->run()
 6 SYSTEMPATH\Commands\Server\rewrite.php(43): require_once('FCPATH\\index.php')
CRITICAL - 2024-03-02 19:11:32 --> Call to undefined method App\Models\UserModel::getAll
in SYSTEMPATH\Model.php on line 773.
 1 APPPATH\Controllers\User.php(16): CodeIgniter\Model->__call('getAll', [])
 2 SYSTEMPATH\CodeIgniter.php(896): App\Controllers\User->index()
 3 SYSTEMPATH\CodeIgniter.php(466): CodeIgniter\CodeIgniter->runController(Object(App\Controllers\User))
 4 SYSTEMPATH\CodeIgniter.php(349): CodeIgniter\CodeIgniter->handleRequest(null, Object(Config\Cache), false)
 5 FCPATH\index.php(55): CodeIgniter\CodeIgniter->run()
 6 SYSTEMPATH\Commands\Server\rewrite.php(43): require_once('FCPATH\\index.php')
CRITICAL - 2024-03-02 19:11:32 --> Call to undefined method App\Models\UserModel::getAll
in SYSTEMPATH\Model.php on line 773.
 1 APPPATH\Controllers\User.php(16): CodeIgniter\Model->__call('getAll', [])
 2 SYSTEMPATH\CodeIgniter.php(896): App\Controllers\User->index()
 3 SYSTEMPATH\CodeIgniter.php(466): CodeIgniter\CodeIgniter->runController(Object(App\Controllers\User))
 4 SYSTEMPATH\CodeIgniter.php(349): CodeIgniter\CodeIgniter->handleRequest(null, Object(Config\Cache), false)
 5 FCPATH\index.php(55): CodeIgniter\CodeIgniter->run()
 6 SYSTEMPATH\Commands\Server\rewrite.php(43): require_once('FCPATH\\index.php')
CRITICAL - 2024-03-02 19:11:32 --> Call to undefined method App\Models\UserModel::getAll
in SYSTEMPATH\Model.php on line 773.
 1 APPPATH\Controllers\User.php(16): CodeIgniter\Model->__call('getAll', [])
 2 SYSTEMPATH\CodeIgniter.php(896): App\Controllers\User->index()
 3 SYSTEMPATH\CodeIgniter.php(466): CodeIgniter\CodeIgniter->runController(Object(App\Controllers\User))
 4 SYSTEMPATH\CodeIgniter.php(349): CodeIgniter\CodeIgniter->handleRequest(null, Object(Config\Cache), false)
 5 FCPATH\index.php(55): CodeIgniter\CodeIgniter->run()
 6 SYSTEMPATH\Commands\Server\rewrite.php(43): require_once('FCPATH\\index.php')
CRITICAL - 2024-03-02 19:11:33 --> Call to undefined method App\Models\UserModel::getAll
in SYSTEMPATH\Model.php on line 773.
 1 APPPATH\Controllers\User.php(16): CodeIgniter\Model->__call('getAll', [])
 2 SYSTEMPATH\CodeIgniter.php(896): App\Controllers\User->index()
 3 SYSTEMPATH\CodeIgniter.php(466): CodeIgniter\CodeIgniter->runController(Object(App\Controllers\User))
 4 SYSTEMPATH\CodeIgniter.php(349): CodeIgniter\CodeIgniter->handleRequest(null, Object(Config\Cache), false)
 5 FCPATH\index.php(55): CodeIgniter\CodeIgniter->run()
 6 SYSTEMPATH\Commands\Server\rewrite.php(43): require_once('FCPATH\\index.php')
CRITICAL - 2024-03-02 19:11:33 --> Call to undefined method App\Models\UserModel::getAll
in SYSTEMPATH\Model.php on line 773.
 1 APPPATH\Controllers\User.php(16): CodeIgniter\Model->__call('getAll', [])
 2 SYSTEMPATH\CodeIgniter.php(896): App\Controllers\User->index()
 3 SYSTEMPATH\CodeIgniter.php(466): CodeIgniter\CodeIgniter->runController(Object(App\Controllers\User))
 4 SYSTEMPATH\CodeIgniter.php(349): CodeIgniter\CodeIgniter->handleRequest(null, Object(Config\Cache), false)
 5 FCPATH\index.php(55): CodeIgniter\CodeIgniter->run()
 6 SYSTEMPATH\Commands\Server\rewrite.php(43): require_once('FCPATH\\index.php')
CRITICAL - 2024-03-02 19:11:33 --> Call to undefined method App\Models\UserModel::getAll
in SYSTEMPATH\Model.php on line 773.
 1 APPPATH\Controllers\User.php(16): CodeIgniter\Model->__call('getAll', [])
 2 SYSTEMPATH\CodeIgniter.php(896): App\Controllers\User->index()
 3 SYSTEMPATH\CodeIgniter.php(466): CodeIgniter\CodeIgniter->runController(Object(App\Controllers\User))
 4 SYSTEMPATH\CodeIgniter.php(349): CodeIgniter\CodeIgniter->handleRequest(null, Object(Config\Cache), false)
 5 FCPATH\index.php(55): CodeIgniter\CodeIgniter->run()
 6 SYSTEMPATH\Commands\Server\rewrite.php(43): require_once('FCPATH\\index.php')
CRITICAL - 2024-03-02 19:15:18 --> Call to undefined method App\Models\UserModel::getAll
in SYSTEMPATH\Model.php on line 773.
 1 APPPATH\Controllers\User.php(16): CodeIgniter\Model->__call('getAll', [])
 2 SYSTEMPATH\CodeIgniter.php(896): App\Controllers\User->index()
 3 SYSTEMPATH\CodeIgniter.php(466): CodeIgniter\CodeIgniter->runController(Object(App\Controllers\User))
 4 SYSTEMPATH\CodeIgniter.php(349): CodeIgniter\CodeIgniter->handleRequest(null, Object(Config\Cache), false)
 5 FCPATH\index.php(55): CodeIgniter\CodeIgniter->run()
 6 SYSTEMPATH\Commands\Server\rewrite.php(43): require_once('FCPATH\\index.php')
CRITICAL - 2024-03-02 19:15:19 --> Call to undefined method App\Models\UserModel::getAll
in SYSTEMPATH\Model.php on line 773.
 1 APPPATH\Controllers\User.php(16): CodeIgniter\Model->__call('getAll', [])
 2 SYSTEMPATH\CodeIgniter.php(896): App\Controllers\User->index()
 3 SYSTEMPATH\CodeIgniter.php(466): CodeIgniter\CodeIgniter->runController(Object(App\Controllers\User))
 4 SYSTEMPATH\CodeIgniter.php(349): CodeIgniter\CodeIgniter->handleRequest(null, Object(Config\Cache), false)
 5 FCPATH\index.php(55): CodeIgniter\CodeIgniter->run()
 6 SYSTEMPATH\Commands\Server\rewrite.php(43): require_once('FCPATH\\index.php')
CRITICAL - 2024-03-02 19:15:20 --> Call to undefined method App\Models\UserModel::getAll
in SYSTEMPATH\Model.php on line 773.
 1 APPPATH\Controllers\User.php(16): CodeIgniter\Model->__call('getAll', [])
 2 SYSTEMPATH\CodeIgniter.php(896): App\Controllers\User->index()
 3 SYSTEMPATH\CodeIgniter.php(466): CodeIgniter\CodeIgniter->runController(Object(App\Controllers\User))
 4 SYSTEMPATH\CodeIgniter.php(349): CodeIgniter\CodeIgniter->handleRequest(null, Object(Config\Cache), false)
 5 FCPATH\index.php(55): CodeIgniter\CodeIgniter->run()
 6 SYSTEMPATH\Commands\Server\rewrite.php(43): require_once('FCPATH\\index.php')
CRITICAL - 2024-03-02 19:15:20 --> Call to undefined method App\Models\UserModel::getAll
in SYSTEMPATH\Model.php on line 773.
 1 APPPATH\Controllers\User.php(16): CodeIgniter\Model->__call('getAll', [])
 2 SYSTEMPATH\CodeIgniter.php(896): App\Controllers\User->index()
 3 SYSTEMPATH\CodeIgniter.php(466): CodeIgniter\CodeIgniter->runController(Object(App\Controllers\User))
 4 SYSTEMPATH\CodeIgniter.php(349): CodeIgniter\CodeIgniter->handleRequest(null, Object(Config\Cache), false)
 5 FCPATH\index.php(55): CodeIgniter\CodeIgniter->run()
 6 SYSTEMPATH\Commands\Server\rewrite.php(43): require_once('FCPATH\\index.php')
CRITICAL - 2024-03-02 19:15:20 --> Call to undefined method App\Models\UserModel::getAll
in SYSTEMPATH\Model.php on line 773.
 1 APPPATH\Controllers\User.php(16): CodeIgniter\Model->__call('getAll', [])
 2 SYSTEMPATH\CodeIgniter.php(896): App\Controllers\User->index()
 3 SYSTEMPATH\CodeIgniter.php(466): CodeIgniter\CodeIgniter->runController(Object(App\Controllers\User))
 4 SYSTEMPATH\CodeIgniter.php(349): CodeIgniter\CodeIgniter->handleRequest(null, Object(Config\Cache), false)
 5 FCPATH\index.php(55): CodeIgniter\CodeIgniter->run()
 6 SYSTEMPATH\Commands\Server\rewrite.php(43): require_once('FCPATH\\index.php')
CRITICAL - 2024-03-02 19:15:21 --> Call to undefined method App\Models\UserModel::getAll
in SYSTEMPATH\Model.php on line 773.
 1 APPPATH\Controllers\User.php(16): CodeIgniter\Model->__call('getAll', [])
 2 SYSTEMPATH\CodeIgniter.php(896): App\Controllers\User->index()
 3 SYSTEMPATH\CodeIgniter.php(466): CodeIgniter\CodeIgniter->runController(Object(App\Controllers\User))
 4 SYSTEMPATH\CodeIgniter.php(349): CodeIgniter\CodeIgniter->handleRequest(null, Object(Config\Cache), false)
 5 FCPATH\index.php(55): CodeIgniter\CodeIgniter->run()
 6 SYSTEMPATH\Commands\Server\rewrite.php(43): require_once('FCPATH\\index.php')
CRITICAL - 2024-03-02 19:15:21 --> Call to undefined method App\Models\UserModel::getAll
in SYSTEMPATH\Model.php on line 773.
 1 APPPATH\Controllers\User.php(16): CodeIgniter\Model->__call('getAll', [])
 2 SYSTEMPATH\CodeIgniter.php(896): App\Controllers\User->index()
 3 SYSTEMPATH\CodeIgniter.php(466): CodeIgniter\CodeIgniter->runController(Object(App\Controllers\User))
 4 SYSTEMPATH\CodeIgniter.php(349): CodeIgniter\CodeIgniter->handleRequest(null, Object(Config\Cache), false)
 5 FCPATH\index.php(55): CodeIgniter\CodeIgniter->run()
 6 SYSTEMPATH\Commands\Server\rewrite.php(43): require_once('FCPATH\\index.php')
CRITICAL - 2024-03-02 19:15:21 --> Call to undefined method App\Models\UserModel::getAll
in SYSTEMPATH\Model.php on line 773.
 1 APPPATH\Controllers\User.php(16): CodeIgniter\Model->__call('getAll', [])
 2 SYSTEMPATH\CodeIgniter.php(896): App\Controllers\User->index()
 3 SYSTEMPATH\CodeIgniter.php(466): CodeIgniter\CodeIgniter->runController(Object(App\Controllers\User))
 4 SYSTEMPATH\CodeIgniter.php(349): CodeIgniter\CodeIgniter->handleRequest(null, Object(Config\Cache), false)
 5 FCPATH\index.php(55): CodeIgniter\CodeIgniter->run()
 6 SYSTEMPATH\Commands\Server\rewrite.php(43): require_once('FCPATH\\index.php')
CRITICAL - 2024-03-02 19:15:22 --> Call to undefined method App\Models\UserModel::getAll
in SYSTEMPATH\Model.php on line 773.
 1 APPPATH\Controllers\User.php(16): CodeIgniter\Model->__call('getAll', [])
 2 SYSTEMPATH\CodeIgniter.php(896): App\Controllers\User->index()
 3 SYSTEMPATH\CodeIgniter.php(466): CodeIgniter\CodeIgniter->runController(Object(App\Controllers\User))
 4 SYSTEMPATH\CodeIgniter.php(349): CodeIgniter\CodeIgniter->handleRequest(null, Object(Config\Cache), false)
 5 FCPATH\index.php(55): CodeIgniter\CodeIgniter->run()
 6 SYSTEMPATH\Commands\Server\rewrite.php(43): require_once('FCPATH\\index.php')
CRITICAL - 2024-03-02 19:15:22 --> Call to undefined method App\Models\UserModel::getAll
in SYSTEMPATH\Model.php on line 773.
 1 APPPATH\Controllers\User.php(16): CodeIgniter\Model->__call('getAll', [])
 2 SYSTEMPATH\CodeIgniter.php(896): App\Controllers\User->index()
 3 SYSTEMPATH\CodeIgniter.php(466): CodeIgniter\CodeIgniter->runController(Object(App\Controllers\User))
 4 SYSTEMPATH\CodeIgniter.php(349): CodeIgniter\CodeIgniter->handleRequest(null, Object(Config\Cache), false)
 5 FCPATH\index.php(55): CodeIgniter\CodeIgniter->run()
 6 SYSTEMPATH\Commands\Server\rewrite.php(43): require_once('FCPATH\\index.php')
CRITICAL - 2024-03-02 19:15:22 --> Call to undefined method App\Models\UserModel::getAll
in SYSTEMPATH\Model.php on line 773.
 1 APPPATH\Controllers\User.php(16): CodeIgniter\Model->__call('getAll', [])
 2 SYSTEMPATH\CodeIgniter.php(896): App\Controllers\User->index()
 3 SYSTEMPATH\CodeIgniter.php(466): CodeIgniter\CodeIgniter->runController(Object(App\Controllers\User))
 4 SYSTEMPATH\CodeIgniter.php(349): CodeIgniter\CodeIgniter->handleRequest(null, Object(Config\Cache), false)
 5 FCPATH\index.php(55): CodeIgniter\CodeIgniter->run()
 6 SYSTEMPATH\Commands\Server\rewrite.php(43): require_once('FCPATH\\index.php')
CRITICAL - 2024-03-02 19:22:48 --> Call to undefined method App\Models\UserModel::getAll
in SYSTEMPATH\Model.php on line 773.
 1 APPPATH\Controllers\User.php(16): CodeIgniter\Model->__call('getAll', [])
 2 SYSTEMPATH\CodeIgniter.php(896): App\Controllers\User->index()
 3 SYSTEMPATH\CodeIgniter.php(466): CodeIgniter\CodeIgniter->runController(Object(App\Controllers\User))
 4 SYSTEMPATH\CodeIgniter.php(349): CodeIgniter\CodeIgniter->handleRequest(null, Object(Config\Cache), false)
 5 FCPATH\index.php(55): CodeIgniter\CodeIgniter->run()
 6 SYSTEMPATH\Commands\Server\rewrite.php(43): require_once('FCPATH\\index.php')
CRITICAL - 2024-03-02 19:25:17 --> Undefined variable $user
in APPPATH\Views\user\index.php on line 31.
 1 APPPATH\Views\user\index.php(31): CodeIgniter\Debug\Exceptions->errorHandler(2, 'Undefined variable $user', 'APPPATH\\Views\\user\\index.php', 31)
 2 SYSTEMPATH\View\View.php(213): include('APPPATH\\Views\\user\\index.php')
 3 SYSTEMPATH\View\View.php(216): CodeIgniter\View\View->CodeIgniter\View\{closure}()
 4 SYSTEMPATH\Common.php(1135): CodeIgniter\View\View->render('user/index', [], true)
 5 APPPATH\Controllers\User.php(23): view('user/index')
 6 SYSTEMPATH\CodeIgniter.php(896): App\Controllers\User->index()
 7 SYSTEMPATH\CodeIgniter.php(466): CodeIgniter\CodeIgniter->runController(Object(App\Controllers\User))
 8 SYSTEMPATH\CodeIgniter.php(349): CodeIgniter\CodeIgniter->handleRequest(null, Object(Config\Cache), false)
 9 FCPATH\index.php(55): CodeIgniter\CodeIgniter->run()
10 SYSTEMPATH\Commands\Server\rewrite.php(43): require_once('FCPATH\\index.php')
CRITICAL - 2024-03-02 19:25:58 --> Undefined variable $user
in APPPATH\Views\user\index.php on line 31.
 1 APPPATH\Views\user\index.php(31): CodeIgniter\Debug\Exceptions->errorHandler(2, 'Undefined variable $user', 'APPPATH\\Views\\user\\index.php', 31)
 2 SYSTEMPATH\View\View.php(213): include('APPPATH\\Views\\user\\index.php')
 3 SYSTEMPATH\View\View.php(216): CodeIgniter\View\View->CodeIgniter\View\{closure}()
 4 SYSTEMPATH\Common.php(1135): CodeIgniter\View\View->render('user/index', [], true)
 5 APPPATH\Controllers\User.php(23): view('user/index')
 6 SYSTEMPATH\CodeIgniter.php(896): App\Controllers\User->index()
 7 SYSTEMPATH\CodeIgniter.php(466): CodeIgniter\CodeIgniter->runController(Object(App\Controllers\User))
 8 SYSTEMPATH\CodeIgniter.php(349): CodeIgniter\CodeIgniter->handleRequest(null, Object(Config\Cache), false)
 9 FCPATH\index.php(55): CodeIgniter\CodeIgniter->run()
10 SYSTEMPATH\Commands\Server\rewrite.php(43): require_once('FCPATH\\index.php')
CRITICAL - 2024-03-02 19:25:59 --> Undefined variable $user
in APPPATH\Views\user\index.php on line 31.
 1 APPPATH\Views\user\index.php(31): CodeIgniter\Debug\Exceptions->errorHandler(2, 'Undefined variable $user', 'APPPATH\\Views\\user\\index.php', 31)
 2 SYSTEMPATH\View\View.php(213): include('APPPATH\\Views\\user\\index.php')
 3 SYSTEMPATH\View\View.php(216): CodeIgniter\View\View->CodeIgniter\View\{closure}()
 4 SYSTEMPATH\Common.php(1135): CodeIgniter\View\View->render('user/index', [], true)
 5 APPPATH\Controllers\User.php(23): view('user/index')
 6 SYSTEMPATH\CodeIgniter.php(896): App\Controllers\User->index()
 7 SYSTEMPATH\CodeIgniter.php(466): CodeIgniter\CodeIgniter->runController(Object(App\Controllers\User))
 8 SYSTEMPATH\CodeIgniter.php(349): CodeIgniter\CodeIgniter->handleRequest(null, Object(Config\Cache), false)
 9 FCPATH\index.php(55): CodeIgniter\CodeIgniter->run()
10 SYSTEMPATH\Commands\Server\rewrite.php(43): require_once('FCPATH\\index.php')
CRITICAL - 2024-03-02 19:26:30 --> Call to undefined method App\Models\UserModel::getAll
in SYSTEMPATH\Model.php on line 773.
 1 APPPATH\Controllers\User.php(16): CodeIgniter\Model->__call('getAll', [])
 2 SYSTEMPATH\CodeIgniter.php(896): App\Controllers\User->index()
 3 SYSTEMPATH\CodeIgniter.php(466): CodeIgniter\CodeIgniter->runController(Object(App\Controllers\User))
 4 SYSTEMPATH\CodeIgniter.php(349): CodeIgniter\CodeIgniter->handleRequest(null, Object(Config\Cache), false)
 5 FCPATH\index.php(55): CodeIgniter\CodeIgniter->run()
 6 SYSTEMPATH\Commands\Server\rewrite.php(43): require_once('FCPATH\\index.php')
CRITICAL - 2024-03-02 19:30:27 --> Undefined variable $user
in APPPATH\Views\user\index.php on line 31.
 1 APPPATH\Views\user\index.php(31): CodeIgniter\Debug\Exceptions->errorHandler(2, 'Undefined variable $user', 'APPPATH\\Views\\user\\index.php', 31)
 2 SYSTEMPATH\View\View.php(213): include('APPPATH\\Views\\user\\index.php')
 3 SYSTEMPATH\View\View.php(216): CodeIgniter\View\View->CodeIgniter\View\{closure}()
 4 SYSTEMPATH\Common.php(1135): CodeIgniter\View\View->render('user/index', [], true)
 5 APPPATH\Controllers\User.php(23): view('user/index')
 6 SYSTEMPATH\CodeIgniter.php(896): App\Controllers\User->index()
 7 SYSTEMPATH\CodeIgniter.php(466): CodeIgniter\CodeIgniter->runController(Object(App\Controllers\User))
 8 SYSTEMPATH\CodeIgniter.php(349): CodeIgniter\CodeIgniter->handleRequest(null, Object(Config\Cache), false)
 9 FCPATH\index.php(55): CodeIgniter\CodeIgniter->run()
10 SYSTEMPATH\Commands\Server\rewrite.php(43): require_once('FCPATH\\index.php')
CRITICAL - 2024-03-02 19:32:19 --> Undefined variable $user
in APPPATH\Views\user\index.php on line 31.
 1 APPPATH\Views\user\index.php(31): CodeIgniter\Debug\Exceptions->errorHandler(2, 'Undefined variable $user', 'APPPATH\\Views\\user\\index.php', 31)
 2 SYSTEMPATH\View\View.php(213): include('APPPATH\\Views\\user\\index.php')
 3 SYSTEMPATH\View\View.php(216): CodeIgniter\View\View->CodeIgniter\View\{closure}()
 4 SYSTEMPATH\Common.php(1135): CodeIgniter\View\View->render('user/index', [], true)
 5 APPPATH\Controllers\User.php(23): view('user/index', [...])
 6 SYSTEMPATH\CodeIgniter.php(896): App\Controllers\User->index()
 7 SYSTEMPATH\CodeIgniter.php(466): CodeIgniter\CodeIgniter->runController(Object(App\Controllers\User))
 8 SYSTEMPATH\CodeIgniter.php(349): CodeIgniter\CodeIgniter->handleRequest(null, Object(Config\Cache), false)
 9 FCPATH\index.php(55): CodeIgniter\CodeIgniter->run()
10 SYSTEMPATH\Commands\Server\rewrite.php(43): require_once('FCPATH\\index.php')
CRITICAL - 2024-03-02 19:32:20 --> Undefined variable $user
in APPPATH\Views\user\index.php on line 31.
 1 APPPATH\Views\user\index.php(31): CodeIgniter\Debug\Exceptions->errorHandler(2, 'Undefined variable $user', 'APPPATH\\Views\\user\\index.php', 31)
 2 SYSTEMPATH\View\View.php(213): include('APPPATH\\Views\\user\\index.php')
 3 SYSTEMPATH\View\View.php(216): CodeIgniter\View\View->CodeIgniter\View\{closure}()
 4 SYSTEMPATH\Common.php(1135): CodeIgniter\View\View->render('user/index', [], true)
 5 APPPATH\Controllers\User.php(23): view('user/index', [...])
 6 SYSTEMPATH\CodeIgniter.php(896): App\Controllers\User->index()
 7 SYSTEMPATH\CodeIgniter.php(466): CodeIgniter\CodeIgniter->runController(Object(App\Controllers\User))
 8 SYSTEMPATH\CodeIgniter.php(349): CodeIgniter\CodeIgniter->handleRequest(null, Object(Config\Cache), false)
 9 FCPATH\index.php(55): CodeIgniter\CodeIgniter->run()
10 SYSTEMPATH\Commands\Server\rewrite.php(43): require_once('FCPATH\\index.php')
CRITICAL - 2024-03-02 19:32:20 --> Undefined variable $user
in APPPATH\Views\user\index.php on line 31.
 1 APPPATH\Views\user\index.php(31): CodeIgniter\Debug\Exceptions->errorHandler(2, 'Undefined variable $user', 'APPPATH\\Views\\user\\index.php', 31)
 2 SYSTEMPATH\View\View.php(213): include('APPPATH\\Views\\user\\index.php')
 3 SYSTEMPATH\View\View.php(216): CodeIgniter\View\View->CodeIgniter\View\{closure}()
 4 SYSTEMPATH\Common.php(1135): CodeIgniter\View\View->render('user/index', [], true)
 5 APPPATH\Controllers\User.php(23): view('user/index', [...])
 6 SYSTEMPATH\CodeIgniter.php(896): App\Controllers\User->index()
 7 SYSTEMPATH\CodeIgniter.php(466): CodeIgniter\CodeIgniter->runController(Object(App\Controllers\User))
 8 SYSTEMPATH\CodeIgniter.php(349): CodeIgniter\CodeIgniter->handleRequest(null, Object(Config\Cache), false)
 9 FCPATH\index.php(55): CodeIgniter\CodeIgniter->run()
10 SYSTEMPATH\Commands\Server\rewrite.php(43): require_once('FCPATH\\index.php')
CRITICAL - 2024-03-02 19:32:21 --> Undefined variable $user
in APPPATH\Views\user\index.php on line 31.
 1 APPPATH\Views\user\index.php(31): CodeIgniter\Debug\Exceptions->errorHandler(2, 'Undefined variable $user', 'APPPATH\\Views\\user\\index.php', 31)
 2 SYSTEMPATH\View\View.php(213): include('APPPATH\\Views\\user\\index.php')
 3 SYSTEMPATH\View\View.php(216): CodeIgniter\View\View->CodeIgniter\View\{closure}()
 4 SYSTEMPATH\Common.php(1135): CodeIgniter\View\View->render('user/index', [], true)
 5 APPPATH\Controllers\User.php(23): view('user/index', [...])
 6 SYSTEMPATH\CodeIgniter.php(896): App\Controllers\User->index()
 7 SYSTEMPATH\CodeIgniter.php(466): CodeIgniter\CodeIgniter->runController(Object(App\Controllers\User))
 8 SYSTEMPATH\CodeIgniter.php(349): CodeIgniter\CodeIgniter->handleRequest(null, Object(Config\Cache), false)
 9 FCPATH\index.php(55): CodeIgniter\CodeIgniter->run()
10 SYSTEMPATH\Commands\Server\rewrite.php(43): require_once('FCPATH\\index.php')
CRITICAL - 2024-03-02 19:32:21 --> Undefined variable $user
in APPPATH\Views\user\index.php on line 31.
 1 APPPATH\Views\user\index.php(31): CodeIgniter\Debug\Exceptions->errorHandler(2, 'Undefined variable $user', 'APPPATH\\Views\\user\\index.php', 31)
 2 SYSTEMPATH\View\View.php(213): include('APPPATH\\Views\\user\\index.php')
 3 SYSTEMPATH\View\View.php(216): CodeIgniter\View\View->CodeIgniter\View\{closure}()
 4 SYSTEMPATH\Common.php(1135): CodeIgniter\View\View->render('user/index', [], true)
 5 APPPATH\Controllers\User.php(23): view('user/index', [...])
 6 SYSTEMPATH\CodeIgniter.php(896): App\Controllers\User->index()
 7 SYSTEMPATH\CodeIgniter.php(466): CodeIgniter\CodeIgniter->runController(Object(App\Controllers\User))
 8 SYSTEMPATH\CodeIgniter.php(349): CodeIgniter\CodeIgniter->handleRequest(null, Object(Config\Cache), false)
 9 FCPATH\index.php(55): CodeIgniter\CodeIgniter->run()
10 SYSTEMPATH\Commands\Server\rewrite.php(43): require_once('FCPATH\\index.php')
CRITICAL - 2024-03-02 19:32:22 --> Undefined variable $user
in APPPATH\Views\user\index.php on line 31.
 1 APPPATH\Views\user\index.php(31): CodeIgniter\Debug\Exceptions->errorHandler(2, 'Undefined variable $user', 'APPPATH\\Views\\user\\index.php', 31)
 2 SYSTEMPATH\View\View.php(213): include('APPPATH\\Views\\user\\index.php')
 3 SYSTEMPATH\View\View.php(216): CodeIgniter\View\View->CodeIgniter\View\{closure}()
 4 SYSTEMPATH\Common.php(1135): CodeIgniter\View\View->render('user/index', [], true)
 5 APPPATH\Controllers\User.php(23): view('user/index', [...])
 6 SYSTEMPATH\CodeIgniter.php(896): App\Controllers\User->index()
 7 SYSTEMPATH\CodeIgniter.php(466): CodeIgniter\CodeIgniter->runController(Object(App\Controllers\User))
 8 SYSTEMPATH\CodeIgniter.php(349): CodeIgniter\CodeIgniter->handleRequest(null, Object(Config\Cache), false)
 9 FCPATH\index.php(55): CodeIgniter\CodeIgniter->run()
10 SYSTEMPATH\Commands\Server\rewrite.php(43): require_once('FCPATH\\index.php')
CRITICAL - 2024-03-02 19:32:22 --> Undefined variable $user
in APPPATH\Views\user\index.php on line 31.
 1 APPPATH\Views\user\index.php(31): CodeIgniter\Debug\Exceptions->errorHandler(2, 'Undefined variable $user', 'APPPATH\\Views\\user\\index.php', 31)
 2 SYSTEMPATH\View\View.php(213): include('APPPATH\\Views\\user\\index.php')
 3 SYSTEMPATH\View\View.php(216): CodeIgniter\View\View->CodeIgniter\View\{closure}()
 4 SYSTEMPATH\Common.php(1135): CodeIgniter\View\View->render('user/index', [], true)
 5 APPPATH\Controllers\User.php(23): view('user/index', [...])
 6 SYSTEMPATH\CodeIgniter.php(896): App\Controllers\User->index()
 7 SYSTEMPATH\CodeIgniter.php(466): CodeIgniter\CodeIgniter->runController(Object(App\Controllers\User))
 8 SYSTEMPATH\CodeIgniter.php(349): CodeIgniter\CodeIgniter->handleRequest(null, Object(Config\Cache), false)
 9 FCPATH\index.php(55): CodeIgniter\CodeIgniter->run()
10 SYSTEMPATH\Commands\Server\rewrite.php(43): require_once('FCPATH\\index.php')
CRITICAL - 2024-03-02 19:32:22 --> Undefined variable $user
in APPPATH\Views\user\index.php on line 31.
 1 APPPATH\Views\user\index.php(31): CodeIgniter\Debug\Exceptions->errorHandler(2, 'Undefined variable $user', 'APPPATH\\Views\\user\\index.php', 31)
 2 SYSTEMPATH\View\View.php(213): include('APPPATH\\Views\\user\\index.php')
 3 SYSTEMPATH\View\View.php(216): CodeIgniter\View\View->CodeIgniter\View\{closure}()
 4 SYSTEMPATH\Common.php(1135): CodeIgniter\View\View->render('user/index', [], true)
 5 APPPATH\Controllers\User.php(23): view('user/index', [...])
 6 SYSTEMPATH\CodeIgniter.php(896): App\Controllers\User->index()
 7 SYSTEMPATH\CodeIgniter.php(466): CodeIgniter\CodeIgniter->runController(Object(App\Controllers\User))
 8 SYSTEMPATH\CodeIgniter.php(349): CodeIgniter\CodeIgniter->handleRequest(null, Object(Config\Cache), false)
 9 FCPATH\index.php(55): CodeIgniter\CodeIgniter->run()
10 SYSTEMPATH\Commands\Server\rewrite.php(43): require_once('FCPATH\\index.php')
CRITICAL - 2024-03-02 20:31:04 --> Undefined variable $validation
in APPPATH\Views\user\new.php on line 18.
 1 APPPATH\Views\user\new.php(18): CodeIgniter\Debug\Exceptions->errorHandler(2, 'Undefined variable $validation', 'APPPATH\\Views\\user\\new.php', 18)
 2 SYSTEMPATH\View\View.php(213): include('APPPATH\\Views\\user\\new.php')
 3 SYSTEMPATH\View\View.php(216): CodeIgniter\View\View->CodeIgniter\View\{closure}()
 4 SYSTEMPATH\Common.php(1135): CodeIgniter\View\View->render('user/new', [], true)
 5 APPPATH\Controllers\User.php(31): view('user/new', [...])
 6 SYSTEMPATH\CodeIgniter.php(896): App\Controllers\User->new()
 7 SYSTEMPATH\CodeIgniter.php(466): CodeIgniter\CodeIgniter->runController(Object(App\Controllers\User))
 8 SYSTEMPATH\CodeIgniter.php(349): CodeIgniter\CodeIgniter->handleRequest(null, Object(Config\Cache), false)
 9 FCPATH\index.php(55): CodeIgniter\CodeIgniter->run()
10 SYSTEMPATH\Commands\Server\rewrite.php(43): require_once('FCPATH\\index.php')
CRITICAL - 2024-03-02 20:35:17 --> The namespace delimiter is a backslash (\), not a slash (/). Route handler: \App\Controllers\User:edit/$1
in SYSTEMPATH\Router\Router.php on line 466.
 1 SYSTEMPATH\Router\Router.php(466): CodeIgniter\Router\Exceptions\RouterException::forInvalidControllerName('\\App\\Controllers\\User:edit/$1')
 2 SYSTEMPATH\Router\Router.php(181): CodeIgniter\Router\Router->checkRoutes('user/3/edit')
 3 SYSTEMPATH\CodeIgniter.php(771): CodeIgniter\Router\Router->handle('user/3/edit')
 4 SYSTEMPATH\CodeIgniter.php(415): CodeIgniter\CodeIgniter->tryToRouteIt(Object(CodeIgniter\Router\RouteCollection))
 5 SYSTEMPATH\CodeIgniter.php(349): CodeIgniter\CodeIgniter->handleRequest(null, Object(Config\Cache), false)
 6 FCPATH\index.php(55): CodeIgniter\CodeIgniter->run()
 7 SYSTEMPATH\Commands\Server\rewrite.php(43): require_once('FCPATH\\index.php')
CRITICAL - 2024-03-02 20:37:51 --> The namespace delimiter is a backslash (\), not a slash (/). Route handler: \App\Controllers\User:edit/$1
in SYSTEMPATH\Router\Router.php on line 466.
 1 SYSTEMPATH\Router\Router.php(466): CodeIgniter\Router\Exceptions\RouterException::forInvalidControllerName('\\App\\Controllers\\User:edit/$1')
 2 SYSTEMPATH\Router\Router.php(181): CodeIgniter\Router\Router->checkRoutes('user/3/edit')
 3 SYSTEMPATH\CodeIgniter.php(771): CodeIgniter\Router\Router->handle('user/3/edit')
 4 SYSTEMPATH\CodeIgniter.php(415): CodeIgniter\CodeIgniter->tryToRouteIt(Object(CodeIgniter\Router\RouteCollection))
 5 SYSTEMPATH\CodeIgniter.php(349): CodeIgniter\CodeIgniter->handleRequest(null, Object(Config\Cache), false)
 6 FCPATH\index.php(55): CodeIgniter\CodeIgniter->run()
 7 SYSTEMPATH\Commands\Server\rewrite.php(43): require_once('FCPATH\\index.php')
CRITICAL - 2024-03-02 20:38:01 --> The namespace delimiter is a backslash (\), not a slash (/). Route handler: \App\Controllers\User:edit/$1
in SYSTEMPATH\Router\Router.php on line 466.
 1 SYSTEMPATH\Router\Router.php(466): CodeIgniter\Router\Exceptions\RouterException::forInvalidControllerName('\\App\\Controllers\\User:edit/$1')
 2 SYSTEMPATH\Router\Router.php(181): CodeIgniter\Router\Router->checkRoutes('user/3/edit')
 3 SYSTEMPATH\CodeIgniter.php(771): CodeIgniter\Router\Router->handle('user/3/edit')
 4 SYSTEMPATH\CodeIgniter.php(415): CodeIgniter\CodeIgniter->tryToRouteIt(Object(CodeIgniter\Router\RouteCollection))
 5 SYSTEMPATH\CodeIgniter.php(349): CodeIgniter\CodeIgniter->handleRequest(null, Object(Config\Cache), false)
 6 FCPATH\index.php(55): CodeIgniter\CodeIgniter->run()
 7 SYSTEMPATH\Commands\Server\rewrite.php(43): require_once('FCPATH\\index.php')
CRITICAL - 2024-03-02 20:40:30 --> Undefined array key "user"
in APPPATH\Views\user\edit.php on line 27.
 1 APPPATH\Views\user\edit.php(27): CodeIgniter\Debug\Exceptions->errorHandler(2, 'Undefined array key "user"', 'APPPATH\\Views\\user\\edit.php', 27)
 2 SYSTEMPATH\View\View.php(213): include('APPPATH\\Views\\user\\edit.php')
 3 SYSTEMPATH\View\View.php(216): CodeIgniter\View\View->CodeIgniter\View\{closure}()
 4 SYSTEMPATH\Common.php(1135): CodeIgniter\View\View->render('user/edit', [], true)
 5 APPPATH\Controllers\User.php(57): view('user/edit', [...])
 6 SYSTEMPATH\CodeIgniter.php(896): App\Controllers\User->edit('3')
 7 SYSTEMPATH\CodeIgniter.php(466): CodeIgniter\CodeIgniter->runController(Object(App\Controllers\User))
 8 SYSTEMPATH\CodeIgniter.php(349): CodeIgniter\CodeIgniter->handleRequest(null, Object(Config\Cache), false)
 9 FCPATH\index.php(55): CodeIgniter\CodeIgniter->run()
10 SYSTEMPATH\Commands\Server\rewrite.php(43): require_once('FCPATH\\index.php')
CRITICAL - 2024-03-02 20:48:42 --> Undefined array key "id_user"
in APPPATH\Views\user\edit.php on line 21.
 1 APPPATH\Views\user\edit.php(21): CodeIgniter\Debug\Exceptions->errorHandler(2, 'Undefined array key "id_user"', 'APPPATH\\Views\\user\\edit.php', 21)
 2 SYSTEMPATH\View\View.php(213): include('APPPATH\\Views\\user\\edit.php')
 3 SYSTEMPATH\View\View.php(216): CodeIgniter\View\View->CodeIgniter\View\{closure}()
 4 SYSTEMPATH\Common.php(1135): CodeIgniter\View\View->render('user/edit', [], true)
 5 APPPATH\Controllers\User.php(57): view('user/edit', [...])
 6 SYSTEMPATH\CodeIgniter.php(896): App\Controllers\User->edit('4')
 7 SYSTEMPATH\CodeIgniter.php(466): CodeIgniter\CodeIgniter->runController(Object(App\Controllers\User))
 8 SYSTEMPATH\CodeIgniter.php(349): CodeIgniter\CodeIgniter->handleRequest(null, Object(Config\Cache), false)
 9 FCPATH\index.php(55): CodeIgniter\CodeIgniter->run()
10 SYSTEMPATH\Commands\Server\rewrite.php(43): require_once('FCPATH\\index.php')
CRITICAL - 2024-03-02 22:09:34 --> Undefined variable $jenis_paket
in APPPATH\Views\Jenispaket\index.php on line 32.
 1 APPPATH\Views\Jenispaket\index.php(32): CodeIgniter\Debug\Exceptions->errorHandler(2, 'Undefined variable $jenis_paket', 'APPPATH\\Views\\Jenispaket\\index.php', 32)
 2 SYSTEMPATH\View\View.php(213): include('APPPATH\\Views\\Jenispaket\\index.php')
 3 SYSTEMPATH\View\View.php(216): CodeIgniter\View\View->CodeIgniter\View\{closure}()
 4 SYSTEMPATH\Common.php(1135): CodeIgniter\View\View->render('jenispaket/index', [], true)
 5 APPPATH\Controllers\JenisPaket.php(23): view('jenispaket/index', [...])
 6 SYSTEMPATH\CodeIgniter.php(896): App\Controllers\JenisPaket->index()
 7 SYSTEMPATH\CodeIgniter.php(466): CodeIgniter\CodeIgniter->runController(Object(App\Controllers\JenisPaket))
 8 SYSTEMPATH\CodeIgniter.php(349): CodeIgniter\CodeIgniter->handleRequest(null, Object(Config\Cache), false)
 9 FCPATH\index.php(55): CodeIgniter\CodeIgniter->run()
10 SYSTEMPATH\Commands\Server\rewrite.php(43): require_once('FCPATH\\index.php')
CRITICAL - 2024-03-02 22:11:01 --> Undefined array key "id"
in APPPATH\Views\Jenispaket\index.php on line 37.
 1 APPPATH\Views\Jenispaket\index.php(37): CodeIgniter\Debug\Exceptions->errorHandler(2, 'Undefined array key "id"', 'APPPATH\\Views\\Jenispaket\\index.php', 37)
 2 SYSTEMPATH\View\View.php(213): include('APPPATH\\Views\\Jenispaket\\index.php')
 3 SYSTEMPATH\View\View.php(216): CodeIgniter\View\View->CodeIgniter\View\{closure}()
 4 SYSTEMPATH\Common.php(1135): CodeIgniter\View\View->render('jenispaket/index', [], true)
 5 APPPATH\Controllers\JenisPaket.php(23): view('jenispaket/index', [...])
 6 SYSTEMPATH\CodeIgniter.php(896): App\Controllers\JenisPaket->index()
 7 SYSTEMPATH\CodeIgniter.php(466): CodeIgniter\CodeIgniter->runController(Object(App\Controllers\JenisPaket))
 8 SYSTEMPATH\CodeIgniter.php(349): CodeIgniter\CodeIgniter->handleRequest(null, Object(Config\Cache), false)
 9 FCPATH\index.php(55): CodeIgniter\CodeIgniter->run()
10 SYSTEMPATH\Commands\Server\rewrite.php(43): require_once('FCPATH\\index.php')
CRITICAL - 2024-03-02 22:11:36 --> Undefined array key "id"
in APPPATH\Views\Jenispaket\index.php on line 37.
 1 APPPATH\Views\Jenispaket\index.php(37): CodeIgniter\Debug\Exceptions->errorHandler(2, 'Undefined array key "id"', 'APPPATH\\Views\\Jenispaket\\index.php', 37)
 2 SYSTEMPATH\View\View.php(213): include('APPPATH\\Views\\Jenispaket\\index.php')
 3 SYSTEMPATH\View\View.php(216): CodeIgniter\View\View->CodeIgniter\View\{closure}()
 4 SYSTEMPATH\Common.php(1135): CodeIgniter\View\View->render('jenispaket/index', [], true)
 5 APPPATH\Controllers\JenisPaket.php(23): view('jenispaket/index', [...])
 6 SYSTEMPATH\CodeIgniter.php(896): App\Controllers\JenisPaket->index()
 7 SYSTEMPATH\CodeIgniter.php(466): CodeIgniter\CodeIgniter->runController(Object(App\Controllers\JenisPaket))
 8 SYSTEMPATH\CodeIgniter.php(349): CodeIgniter\CodeIgniter->handleRequest(null, Object(Config\Cache), false)
 9 FCPATH\index.php(55): CodeIgniter\CodeIgniter->run()
10 SYSTEMPATH\Commands\Server\rewrite.php(43): require_once('FCPATH\\index.php')
CRITICAL - 2024-03-02 22:11:39 --> Undefined array key "id"
in APPPATH\Views\Jenispaket\index.php on line 37.
 1 APPPATH\Views\Jenispaket\index.php(37): CodeIgniter\Debug\Exceptions->errorHandler(2, 'Undefined array key "id"', 'APPPATH\\Views\\Jenispaket\\index.php', 37)
 2 SYSTEMPATH\View\View.php(213): include('APPPATH\\Views\\Jenispaket\\index.php')
 3 SYSTEMPATH\View\View.php(216): CodeIgniter\View\View->CodeIgniter\View\{closure}()
 4 SYSTEMPATH\Common.php(1135): CodeIgniter\View\View->render('jenispaket/index', [], true)
 5 APPPATH\Controllers\JenisPaket.php(23): view('jenispaket/index', [...])
 6 SYSTEMPATH\CodeIgniter.php(896): App\Controllers\JenisPaket->index()
 7 SYSTEMPATH\CodeIgniter.php(466): CodeIgniter\CodeIgniter->runController(Object(App\Controllers\JenisPaket))
 8 SYSTEMPATH\CodeIgniter.php(349): CodeIgniter\CodeIgniter->handleRequest(null, Object(Config\Cache), false)
 9 FCPATH\index.php(55): CodeIgniter\CodeIgniter->run()
10 SYSTEMPATH\Commands\Server\rewrite.php(43): require_once('FCPATH\\index.php')
CRITICAL - 2024-03-02 22:14:02 --> Undefined array key "id"
in APPPATH\Views\Jenispaket\index.php on line 37.
 1 APPPATH\Views\Jenispaket\index.php(37): CodeIgniter\Debug\Exceptions->errorHandler(2, 'Undefined array key "id"', 'APPPATH\\Views\\Jenispaket\\index.php', 37)
 2 SYSTEMPATH\View\View.php(213): include('APPPATH\\Views\\Jenispaket\\index.php')
 3 SYSTEMPATH\View\View.php(216): CodeIgniter\View\View->CodeIgniter\View\{closure}()
 4 SYSTEMPATH\Common.php(1135): CodeIgniter\View\View->render('jenispaket/index', [], true)
 5 APPPATH\Controllers\JenisPaket.php(23): view('jenispaket/index', [...])
 6 SYSTEMPATH\CodeIgniter.php(896): App\Controllers\JenisPaket->index()
 7 SYSTEMPATH\CodeIgniter.php(466): CodeIgniter\CodeIgniter->runController(Object(App\Controllers\JenisPaket))
 8 SYSTEMPATH\CodeIgniter.php(349): CodeIgniter\CodeIgniter->handleRequest(null, Object(Config\Cache), false)
 9 FCPATH\index.php(55): CodeIgniter\CodeIgniter->run()
10 SYSTEMPATH\Commands\Server\rewrite.php(43): require_once('FCPATH\\index.php')
CRITICAL - 2024-03-02 22:41:07 --> Undefined variable $jenis_paket
in APPPATH\Views\Jenispaket\index.php on line 28.
 1 APPPATH\Views\Jenispaket\index.php(28): CodeIgniter\Debug\Exceptions->errorHandler(2, 'Undefined variable $jenis_paket', 'APPPATH\\Views\\Jenispaket\\index.php', 28)
 2 SYSTEMPATH\View\View.php(213): include('APPPATH\\Views\\Jenispaket\\index.php')
 3 SYSTEMPATH\View\View.php(216): CodeIgniter\View\View->CodeIgniter\View\{closure}()
 4 SYSTEMPATH\Common.php(1135): CodeIgniter\View\View->render('jenispaket/index', [], true)
 5 APPPATH\Controllers\JenisPaket.php(23): view('jenispaket/index', [...])
 6 SYSTEMPATH\CodeIgniter.php(896): App\Controllers\JenisPaket->index()
 7 SYSTEMPATH\CodeIgniter.php(466): CodeIgniter\CodeIgniter->runController(Object(App\Controllers\JenisPaket))
 8 SYSTEMPATH\CodeIgniter.php(349): CodeIgniter\CodeIgniter->handleRequest(null, Object(Config\Cache), false)
 9 FCPATH\index.php(55): CodeIgniter\CodeIgniter->run()
10 SYSTEMPATH\Commands\Server\rewrite.php(43): require_once('FCPATH\\index.php')
CRITICAL - 2024-03-02 22:57:49 --> Undefined variable $jeni_spaket
in APPPATH\Views\Jenispaket\edit.php on line 21.
 1 APPPATH\Views\Jenispaket\edit.php(21): CodeIgniter\Debug\Exceptions->errorHandler(2, 'Undefined variable $jeni_spaket', 'APPPATH\\Views\\Jenispaket\\edit.php', 21)
 2 SYSTEMPATH\View\View.php(213): include('APPPATH\\Views\\Jenispaket\\edit.php')
 3 SYSTEMPATH\View\View.php(216): CodeIgniter\View\View->CodeIgniter\View\{closure}()
 4 SYSTEMPATH\Common.php(1135): CodeIgniter\View\View->render('jenispaket/edit', [], true)
 5 APPPATH\Controllers\JenisPaket.php(55): view('jenispaket/edit', [...])
 6 SYSTEMPATH\CodeIgniter.php(896): App\Controllers\JenisPaket->edit('3')
 7 SYSTEMPATH\CodeIgniter.php(466): CodeIgniter\CodeIgniter->runController(Object(App\Controllers\JenisPaket))
 8 SYSTEMPATH\CodeIgniter.php(349): CodeIgniter\CodeIgniter->handleRequest(null, Object(Config\Cache), false)
 9 FCPATH\index.php(55): CodeIgniter\CodeIgniter->run()
10 SYSTEMPATH\Commands\Server\rewrite.php(43): require_once('FCPATH\\index.php')
CRITICAL - 2024-03-02 22:58:28 --> Undefined variable $jenis_spaket
in APPPATH\Views\Jenispaket\edit.php on line 21.
 1 APPPATH\Views\Jenispaket\edit.php(21): CodeIgniter\Debug\Exceptions->errorHandler(2, 'Undefined variable $jenis_spaket', 'APPPATH\\Views\\Jenispaket\\edit.php', 21)
 2 SYSTEMPATH\View\View.php(213): include('APPPATH\\Views\\Jenispaket\\edit.php')
 3 SYSTEMPATH\View\View.php(216): CodeIgniter\View\View->CodeIgniter\View\{closure}()
 4 SYSTEMPATH\Common.php(1135): CodeIgniter\View\View->render('jenispaket/edit', [], true)
 5 APPPATH\Controllers\JenisPaket.php(55): view('jenispaket/edit', [...])
 6 SYSTEMPATH\CodeIgniter.php(896): App\Controllers\JenisPaket->edit('3')
 7 SYSTEMPATH\CodeIgniter.php(466): CodeIgniter\CodeIgniter->runController(Object(App\Controllers\JenisPaket))
 8 SYSTEMPATH\CodeIgniter.php(349): CodeIgniter\CodeIgniter->handleRequest(null, Object(Config\Cache), false)
 9 FCPATH\index.php(55): CodeIgniter\CodeIgniter->run()
10 SYSTEMPATH\Commands\Server\rewrite.php(43): require_once('FCPATH\\index.php')
CRITICAL - 2024-03-02 22:58:51 --> Undefined variable $jenis_paket
in APPPATH\Views\Jenispaket\edit.php on line 21.
 1 APPPATH\Views\Jenispaket\edit.php(21): CodeIgniter\Debug\Exceptions->errorHandler(2, 'Undefined variable $jenis_paket', 'APPPATH\\Views\\Jenispaket\\edit.php', 21)
 2 SYSTEMPATH\View\View.php(213): include('APPPATH\\Views\\Jenispaket\\edit.php')
 3 SYSTEMPATH\View\View.php(216): CodeIgniter\View\View->CodeIgniter\View\{closure}()
 4 SYSTEMPATH\Common.php(1135): CodeIgniter\View\View->render('jenispaket/edit', [], true)
 5 APPPATH\Controllers\JenisPaket.php(55): view('jenispaket/edit', [...])
 6 SYSTEMPATH\CodeIgniter.php(896): App\Controllers\JenisPaket->edit('3')
 7 SYSTEMPATH\CodeIgniter.php(466): CodeIgniter\CodeIgniter->runController(Object(App\Controllers\JenisPaket))
 8 SYSTEMPATH\CodeIgniter.php(349): CodeIgniter\CodeIgniter->handleRequest(null, Object(Config\Cache), false)
 9 FCPATH\index.php(55): CodeIgniter\CodeIgniter->run()
10 SYSTEMPATH\Commands\Server\rewrite.php(43): require_once('FCPATH\\index.php')
CRITICAL - 2024-03-02 23:02:21 --> Undefined array key "id"
in APPPATH\Views\Jenispaket\edit.php on line 21.
 1 APPPATH\Views\Jenispaket\edit.php(21): CodeIgniter\Debug\Exceptions->errorHandler(2, 'Undefined array key "id"', 'APPPATH\\Views\\Jenispaket\\edit.php', 21)
 2 SYSTEMPATH\View\View.php(213): include('APPPATH\\Views\\Jenispaket\\edit.php')
 3 SYSTEMPATH\View\View.php(216): CodeIgniter\View\View->CodeIgniter\View\{closure}()
 4 SYSTEMPATH\Common.php(1135): CodeIgniter\View\View->render('jenispaket/edit', [], true)
 5 APPPATH\Controllers\JenisPaket.php(55): view('jenispaket/edit', [...])
 6 SYSTEMPATH\CodeIgniter.php(896): App\Controllers\JenisPaket->edit('3')
 7 SYSTEMPATH\CodeIgniter.php(466): CodeIgniter\CodeIgniter->runController(Object(App\Controllers\JenisPaket))
 8 SYSTEMPATH\CodeIgniter.php(349): CodeIgniter\CodeIgniter->handleRequest(null, Object(Config\Cache), false)
 9 FCPATH\index.php(55): CodeIgniter\CodeIgniter->run()
10 SYSTEMPATH\Commands\Server\rewrite.php(43): require_once('FCPATH\\index.php')
CRITICAL - 2024-03-02 23:03:51 --> Undefined array key "password"
in APPPATH\Views\Jenispaket\edit.php on line 31.
 1 APPPATH\Views\Jenispaket\edit.php(31): CodeIgniter\Debug\Exceptions->errorHandler(2, 'Undefined array key "password"', 'APPPATH\\Views\\Jenispaket\\edit.php', 31)
 2 SYSTEMPATH\View\View.php(213): include('APPPATH\\Views\\Jenispaket\\edit.php')
 3 SYSTEMPATH\View\View.php(216): CodeIgniter\View\View->CodeIgniter\View\{closure}()
 4 SYSTEMPATH\Common.php(1135): CodeIgniter\View\View->render('jenispaket/edit', [], true)
 5 APPPATH\Controllers\JenisPaket.php(55): view('jenispaket/edit', [...])
 6 SYSTEMPATH\CodeIgniter.php(896): App\Controllers\JenisPaket->edit('3')
 7 SYSTEMPATH\CodeIgniter.php(466): CodeIgniter\CodeIgniter->runController(Object(App\Controllers\JenisPaket))
 8 SYSTEMPATH\CodeIgniter.php(349): CodeIgniter\CodeIgniter->handleRequest(null, Object(Config\Cache), false)
 9 FCPATH\index.php(55): CodeIgniter\CodeIgniter->run()
10 SYSTEMPATH\Commands\Server\rewrite.php(43): require_once('FCPATH\\index.php')
CRITICAL - 2024-03-02 23:04:23 --> There is no data to update.
in SYSTEMPATH\BaseModel.php on line 846.
 1 SYSTEMPATH\BaseModel.php(846): CodeIgniter\Database\Exceptions\DataException::forEmptyDataset('update')
 2 SYSTEMPATH\Model.php(692): CodeIgniter\BaseModel->update([...], [])
 3 APPPATH\Controllers\JenisPaket.php(70): CodeIgniter\Model->update('3', [...])
 4 SYSTEMPATH\CodeIgniter.php(896): App\Controllers\JenisPaket->update('3')
 5 SYSTEMPATH\CodeIgniter.php(466): CodeIgniter\CodeIgniter->runController(Object(App\Controllers\JenisPaket))
 6 SYSTEMPATH\CodeIgniter.php(349): CodeIgniter\CodeIgniter->handleRequest(null, Object(Config\Cache), false)
 7 FCPATH\index.php(55): CodeIgniter\CodeIgniter->run()
 8 SYSTEMPATH\Commands\Server\rewrite.php(43): require_once('FCPATH\\index.php')
CRITICAL - 2024-03-02 23:23:38 --> There is no data to update.
in SYSTEMPATH\BaseModel.php on line 846.
 1 SYSTEMPATH\BaseModel.php(846): CodeIgniter\Database\Exceptions\DataException::forEmptyDataset('update')
 2 SYSTEMPATH\Model.php(692): CodeIgniter\BaseModel->update([...], [])
 3 APPPATH\Controllers\JenisPaket.php(70): CodeIgniter\Model->update('3', [...])
 4 SYSTEMPATH\CodeIgniter.php(896): App\Controllers\JenisPaket->update('3')
 5 SYSTEMPATH\CodeIgniter.php(466): CodeIgniter\CodeIgniter->runController(Object(App\Controllers\JenisPaket))
 6 SYSTEMPATH\CodeIgniter.php(349): CodeIgniter\CodeIgniter->handleRequest(null, Object(Config\Cache), false)
 7 FCPATH\index.php(55): CodeIgniter\CodeIgniter->run()
 8 SYSTEMPATH\Commands\Server\rewrite.php(43): require_once('FCPATH\\index.php')
CRITICAL - 2024-03-02 23:23:44 --> There is no data to update.
in SYSTEMPATH\BaseModel.php on line 846.
 1 SYSTEMPATH\BaseModel.php(846): CodeIgniter\Database\Exceptions\DataException::forEmptyDataset('update')
 2 SYSTEMPATH\Model.php(692): CodeIgniter\BaseModel->update([...], [])
 3 APPPATH\Controllers\JenisPaket.php(70): CodeIgniter\Model->update('3', [...])
 4 SYSTEMPATH\CodeIgniter.php(896): App\Controllers\JenisPaket->update('3')
 5 SYSTEMPATH\CodeIgniter.php(466): CodeIgniter\CodeIgniter->runController(Object(App\Controllers\JenisPaket))
 6 SYSTEMPATH\CodeIgniter.php(349): CodeIgniter\CodeIgniter->handleRequest(null, Object(Config\Cache), false)
 7 FCPATH\index.php(55): CodeIgniter\CodeIgniter->run()
 8 SYSTEMPATH\Commands\Server\rewrite.php(43): require_once('FCPATH\\index.php')
CRITICAL - 2024-03-02 23:26:32 --> There is no data to update.
in SYSTEMPATH\BaseModel.php on line 846.
 1 SYSTEMPATH\BaseModel.php(846): CodeIgniter\Database\Exceptions\DataException::forEmptyDataset('update')
 2 SYSTEMPATH\Model.php(692): CodeIgniter\BaseModel->update([...], [])
 3 APPPATH\Controllers\JenisPaket.php(68): CodeIgniter\Model->update('3', [...])
 4 SYSTEMPATH\CodeIgniter.php(896): App\Controllers\JenisPaket->update('3')
 5 SYSTEMPATH\CodeIgniter.php(466): CodeIgniter\CodeIgniter->runController(Object(App\Controllers\JenisPaket))
 6 SYSTEMPATH\CodeIgniter.php(349): CodeIgniter\CodeIgniter->handleRequest(null, Object(Config\Cache), false)
 7 FCPATH\index.php(55): CodeIgniter\CodeIgniter->run()
 8 SYSTEMPATH\Commands\Server\rewrite.php(43): require_once('FCPATH\\index.php')
